2025-10-28 09:56:25,219 p=12737 u=ser n=ansible WARNING| [WARNING]: Deprecation warnings can be disabled by setting `deprecation_warnings=False` in ansible.cfg.

2025-10-28 09:56:25,219 p=12737 u=ser n=ansible INFO| [DEPRECATION WARNING]: community.general.yaml has been deprecated. The plugin has been superseded by the option `result_format=yaml` in callback plugin ansible.builtin.default from ansible-core 2.13 onwards. This feature will be removed from collection 'community.general' version 12.0.0.

2025-10-28 09:56:25,252 p=12737 u=ser n=ansible INFO| PLAY [Step 7: Deploy Arkime Packet Capture] ****************************************************************************************************************
2025-10-28 09:56:25,276 p=12737 u=ser n=ansible INFO| TASK [Display Arkime deployment phase] *********************************************************************************************************************
2025-10-28 09:56:25,312 p=12737 u=ser n=ansible INFO| ok: [sensor-node] => 
  msg:
  - ==========================================
  - 'PHASE 7: ARKIME DEPLOYMENT'
  - ==========================================
  - 'Version: v5.7.1'
  - 'Web Port: 8005'
  - 'Capture Interface: eno4'
  - ==========================================
2025-10-28 09:56:25,320 p=12737 u=ser n=ansible INFO| TASK [Include arkime role] *********************************************************************************************************************************
2025-10-28 09:56:25,374 p=12737 u=ser n=ansible INFO| included: arkime for sensor-node
2025-10-28 09:56:25,381 p=12737 u=ser n=ansible INFO| TASK [arkime : ARKIME TASK 1: Ensure arkime base directory exists] *****************************************************************************************
2025-10-28 09:56:35,488 p=12737 u=ser n=ansible ERROR| [ERROR]: Task failed: Failed to connect to the host via ssh: ssh: connect to host 100.89.243.76 port 22: Connection timed out
Origin: /home/ser/probleeemy/network-probe-workshop/roles/arkime/tasks/main.yml:2:3

1 ---
2 - name: "ARKIME TASK 1: Ensure arkime base directory exists"
    ^ column 3


2025-10-28 09:56:35,489 p=12737 u=ser n=ansible INFO| fatal: [sensor-node]: UNREACHABLE! => changed=false 
  msg: 'Task failed: Failed to connect to the host via ssh: ssh: connect to host 100.89.243.76 port 22: Connection timed out'
  unreachable: true
2025-10-28 09:56:35,491 p=12737 u=ser n=ansible INFO| PLAY RECAP *************************************************************************************************************************************************
2025-10-28 09:56:35,492 p=12737 u=ser n=ansible INFO| sensor-node                : ok=2    changed=0    unreachable=1    failed=0    skipped=0    rescued=0    ignored=0   
2025-10-28 09:57:21,332 p=12783 u=ser n=ansible WARNING| [WARNING]: Deprecation warnings can be disabled by setting `deprecation_warnings=False` in ansible.cfg.

2025-10-28 09:57:21,333 p=12783 u=ser n=ansible INFO| [DEPRECATION WARNING]: community.general.yaml has been deprecated. The plugin has been superseded by the option `result_format=yaml` in callback plugin ansible.builtin.default from ansible-core 2.13 onwards. This feature will be removed from collection 'community.general' version 12.0.0.

2025-10-28 09:57:21,372 p=12783 u=ser n=ansible INFO| PLAY [Step 7: Deploy Arkime Packet Capture] ****************************************************************************************************************
2025-10-28 09:57:21,408 p=12783 u=ser n=ansible INFO| TASK [Display Arkime deployment phase] *********************************************************************************************************************
2025-10-28 09:57:21,438 p=12783 u=ser n=ansible INFO| ok: [sensor-node] => 
  msg:
  - ==========================================
  - 'PHASE 7: ARKIME DEPLOYMENT'
  - ==========================================
  - 'Version: v5.7.1'
  - 'Web Port: 8005'
  - 'Capture Interface: eno4'
  - ==========================================
2025-10-28 09:57:21,446 p=12783 u=ser n=ansible INFO| TASK [Include arkime role] *********************************************************************************************************************************
2025-10-28 09:57:21,502 p=12783 u=ser n=ansible INFO| included: arkime for sensor-node
2025-10-28 09:57:21,510 p=12783 u=ser n=ansible INFO| TASK [arkime : ARKIME TASK 1: Ensure arkime base directory exists] *****************************************************************************************
2025-10-28 09:57:23,943 p=12783 u=ser n=ansible INFO| ok: [sensor-node]
2025-10-28 09:57:23,954 p=12783 u=ser n=ansible INFO| TASK [arkime : ARKIME TASK 2: Ensure PCAP directory exists] ************************************************************************************************
2025-10-28 09:57:24,715 p=12783 u=ser n=ansible INFO| changed: [sensor-node]
2025-10-28 09:57:24,725 p=12783 u=ser n=ansible INFO| TASK [arkime : ARKIME TASK 3: Ensure arkime config and logs directories exist] *****************************************************************************
2025-10-28 09:57:25,372 p=12783 u=ser n=ansible INFO| ok: [sensor-node] => (item=/opt/network-sensors/arkime/config)
2025-10-28 09:57:25,967 p=12783 u=ser n=ansible INFO| ok: [sensor-node] => (item=/opt/network-sensors/arkime/logs)
2025-10-28 09:57:25,994 p=12783 u=ser n=ansible INFO| TASK [arkime : ARKIME TASK 4: Copy TLS certs for Arkime (if present)] **************************************************************************************
2025-10-28 09:57:26,910 p=12783 u=ser n=ansible INFO| ok: [sensor-node] => (item={'src': 'ca.crt', 'dest': 'ca.crt'})
2025-10-28 09:57:26,929 p=12783 u=ser n=ansible INFO| TASK [arkime : ARKIME TASK 5: Deploy docker-compose for Arkime] ********************************************************************************************
2025-10-28 09:57:28,445 p=12783 u=ser n=ansible INFO| changed: [sensor-node]
2025-10-28 09:57:28,454 p=12783 u=ser n=ansible INFO| TASK [arkime : ARKIME TASK 6: Deploy Arkime config.ini] ****************************************************************************************************
2025-10-28 09:57:29,883 p=12783 u=ser n=ansible INFO| changed: [sensor-node]
2025-10-28 09:57:29,892 p=12783 u=ser n=ansible INFO| TASK [arkime : ARKIME TASK 7: Pull Arkime Docker images] ***************************************************************************************************
2025-10-28 09:57:33,074 p=12783 u=ser n=ansible WARNING| [WARNING]: Docker compose: unknown None: /opt/network-sensors/arkime/docker-compose.yml: the attribute `version` is obsolete, it will be ignored, please remove it to avoid potential confusion

2025-10-28 09:57:33,075 p=12783 u=ser n=ansible ERROR| [ERROR]: Task failed: Module failed: Error when processing arkime: pull access denied for arkime/arkime, repository does not exist or may require 'docker login': denied: requested access to the resource is denied
General error: Error response from daemon: pull access denied for arkime/arkime, repository does not exist or may require 'docker login': denied: requested access to the resource is denied
Origin: /home/ser/probleeemy/network-probe-workshop/roles/arkime/tasks/main.yml:59:3

57   tags: ['arkime', 'config']
58
59 - name: "ARKIME TASK 7: Pull Arkime Docker images"
     ^ column 3


2025-10-28 09:57:33,077 p=12783 u=ser n=ansible INFO| fatal: [sensor-node]: FAILED! => changed=false 
  actions:
  - id: arkime
    status: Pulling
    what: image
  cmd: /usr/bin/docker compose --ansi never --progress json --project-directory /opt/network-sensors/arkime up --detach --no-color --quiet-pull --pull always --
  containers: []
  images: null
  msg: |-
    Error when processing arkime: pull access denied for arkime/arkime, repository does not exist or may require 'docker login': denied: requested access to the resource is denied
    General error: Error response from daemon: pull access denied for arkime/arkime, repository does not exist or may require 'docker login': denied: requested access to the resource is denied
  rc: 1
  stderr: |-
    {"level":"warning","msg":"/opt/network-sensors/arkime/docker-compose.yml: the attribute `version` is obsolete, it will be ignored, please remove it to avoid potential confusion","time":"2025-10-28T08:57:29Z"}
    {"id":"arkime","text":"Pulling"}
    {"id":"arkime","text":"Error","status":"pull access denied for arkime/arkime, repository does not exist or may require 'docker login': denied: requested access to the resource is denied"}
    {"error":true,"message":"Error response from daemon: pull access denied for arkime/arkime, repository does not exist or may require 'docker login': denied: requested access to the resource is denied"}
  stderr_lines: <omitted>
  stdout: ''
  stdout_lines: <omitted>
2025-10-28 09:57:33,079 p=12783 u=ser n=ansible INFO| PLAY RECAP *************************************************************************************************************************************************
2025-10-28 09:57:33,079 p=12783 u=ser n=ansible INFO| sensor-node                : ok=8    changed=3    unreachable=0    failed=1    skipped=0    rescued=0    ignored=0   
2025-10-28 09:59:42,010 p=12919 u=ser n=ansible WARNING| [WARNING]: Deprecation warnings can be disabled by setting `deprecation_warnings=False` in ansible.cfg.

2025-10-28 09:59:42,011 p=12919 u=ser n=ansible INFO| [DEPRECATION WARNING]: community.general.yaml has been deprecated. The plugin has been superseded by the option `result_format=yaml` in callback plugin ansible.builtin.default from ansible-core 2.13 onwards. This feature will be removed from collection 'community.general' version 12.0.0.

2025-10-28 09:59:42,050 p=12919 u=ser n=ansible INFO| PLAY [Step 7: Deploy Arkime Packet Capture] ****************************************************************************************************************
2025-10-28 09:59:42,081 p=12919 u=ser n=ansible INFO| TASK [Display Arkime deployment phase] *********************************************************************************************************************
2025-10-28 09:59:42,117 p=12919 u=ser n=ansible INFO| ok: [sensor-node] => 
  msg:
  - ==========================================
  - 'PHASE 7: ARKIME DEPLOYMENT'
  - ==========================================
  - 'Version: v5.7.1'
  - 'Web Port: 8005'
  - 'Capture Interface: eno4'
  - ==========================================
2025-10-28 09:59:42,125 p=12919 u=ser n=ansible INFO| TASK [Include arkime role] *********************************************************************************************************************************
2025-10-28 09:59:42,180 p=12919 u=ser n=ansible INFO| included: arkime for sensor-node
2025-10-28 09:59:42,187 p=12919 u=ser n=ansible INFO| TASK [arkime : ARKIME TASK 1: Ensure arkime base directory exists] *****************************************************************************************
2025-10-28 09:59:44,408 p=12919 u=ser n=ansible INFO| ok: [sensor-node]
2025-10-28 09:59:44,417 p=12919 u=ser n=ansible INFO| TASK [arkime : ARKIME TASK 2: Ensure PCAP directory exists] ************************************************************************************************
2025-10-28 09:59:45,070 p=12919 u=ser n=ansible INFO| ok: [sensor-node]
2025-10-28 09:59:45,080 p=12919 u=ser n=ansible INFO| TASK [arkime : ARKIME TASK 3: Ensure arkime config and logs directories exist] *****************************************************************************
2025-10-28 09:59:45,730 p=12919 u=ser n=ansible INFO| ok: [sensor-node] => (item=/opt/network-sensors/arkime/config)
2025-10-28 09:59:46,390 p=12919 u=ser n=ansible INFO| ok: [sensor-node] => (item=/opt/network-sensors/arkime/logs)
2025-10-28 09:59:46,402 p=12919 u=ser n=ansible INFO| TASK [arkime : ARKIME TASK 4: Copy TLS certs for Arkime (if present)] **************************************************************************************
2025-10-28 09:59:47,296 p=12919 u=ser n=ansible INFO| ok: [sensor-node] => (item={'src': 'ca.crt', 'dest': 'ca.crt'})
2025-10-28 09:59:47,315 p=12919 u=ser n=ansible INFO| TASK [arkime : ARKIME TASK 5: Deploy docker-compose for Arkime] ********************************************************************************************
2025-10-28 09:59:48,829 p=12919 u=ser n=ansible INFO| changed: [sensor-node]
2025-10-28 09:59:48,838 p=12919 u=ser n=ansible INFO| TASK [arkime : ARKIME TASK 6: Deploy Arkime config.ini] ****************************************************************************************************
2025-10-28 09:59:50,186 p=12919 u=ser n=ansible INFO| ok: [sensor-node]
2025-10-28 09:59:50,196 p=12919 u=ser n=ansible INFO| TASK [arkime : ARKIME TASK 7: Pull Arkime Docker images] ***************************************************************************************************
2025-10-28 09:59:53,451 p=12919 u=ser n=ansible WARNING| [WARNING]: Docker compose: unknown None: /opt/network-sensors/arkime/docker-compose.yml: the attribute `version` is obsolete, it will be ignored, please remove it to avoid potential confusion

2025-10-28 09:59:53,451 p=12919 u=ser n=ansible ERROR| [ERROR]: Task failed: Module failed: Error when processing arkime: pull access denied for v5.7.1, repository does not exist or may require 'docker login': denied: requested access to the resource is denied
General error: Error response from daemon: pull access denied for v5.7.1, repository does not exist or may require 'docker login': denied: requested access to the resource is denied
Origin: /home/ser/probleeemy/network-probe-workshop/roles/arkime/tasks/main.yml:59:3

57   tags: ['arkime', 'config']
58
59 - name: "ARKIME TASK 7: Pull Arkime Docker images"
     ^ column 3


2025-10-28 09:59:53,453 p=12919 u=ser n=ansible INFO| fatal: [sensor-node]: FAILED! => changed=false 
  actions:
  - id: arkime
    status: Pulling
    what: image
  cmd: /usr/bin/docker compose --ansi never --progress json --project-directory /opt/network-sensors/arkime up --detach --no-color --quiet-pull --pull always --
  containers: []
  images: null
  msg: |-
    Error when processing arkime: pull access denied for v5.7.1, repository does not exist or may require 'docker login': denied: requested access to the resource is denied
    General error: Error response from daemon: pull access denied for v5.7.1, repository does not exist or may require 'docker login': denied: requested access to the resource is denied
  rc: 1
  stderr: |-
    {"level":"warning","msg":"/opt/network-sensors/arkime/docker-compose.yml: the attribute `version` is obsolete, it will be ignored, please remove it to avoid potential confusion","time":"2025-10-28T08:59:50Z"}
    {"id":"arkime","text":"Pulling"}
    {"id":"arkime","text":"Error","status":"pull access denied for v5.7.1, repository does not exist or may require 'docker login': denied: requested access to the resource is denied"}
    {"error":true,"message":"Error response from daemon: pull access denied for v5.7.1, repository does not exist or may require 'docker login': denied: requested access to the resource is denied"}
  stderr_lines: <omitted>
  stdout: ''
  stdout_lines: <omitted>
2025-10-28 09:59:53,454 p=12919 u=ser n=ansible INFO| PLAY RECAP *************************************************************************************************************************************************
2025-10-28 09:59:53,455 p=12919 u=ser n=ansible INFO| sensor-node                : ok=8    changed=1    unreachable=0    failed=1    skipped=0    rescued=0    ignored=0   
2025-10-28 10:01:22,140 p=13039 u=ser n=ansible WARNING| [WARNING]: Deprecation warnings can be disabled by setting `deprecation_warnings=False` in ansible.cfg.

2025-10-28 10:01:22,141 p=13039 u=ser n=ansible INFO| [DEPRECATION WARNING]: community.general.yaml has been deprecated. The plugin has been superseded by the option `result_format=yaml` in callback plugin ansible.builtin.default from ansible-core 2.13 onwards. This feature will be removed from collection 'community.general' version 12.0.0.

2025-10-28 10:01:22,174 p=13039 u=ser n=ansible INFO| PLAY [Step 7: Deploy Arkime Packet Capture] ****************************************************************************************************************
2025-10-28 10:01:22,204 p=13039 u=ser n=ansible INFO| TASK [Display Arkime deployment phase] *********************************************************************************************************************
2025-10-28 10:01:22,241 p=13039 u=ser n=ansible INFO| ok: [sensor-node] => 
  msg:
  - ==========================================
  - 'PHASE 7: ARKIME DEPLOYMENT'
  - ==========================================
  - 'Version: v5.7.1'
  - 'Web Port: 8005'
  - 'Capture Interface: eno4'
  - ==========================================
2025-10-28 10:01:22,248 p=13039 u=ser n=ansible INFO| TASK [Include arkime role] *********************************************************************************************************************************
2025-10-28 10:01:22,303 p=13039 u=ser n=ansible INFO| included: arkime for sensor-node
2025-10-28 10:01:22,310 p=13039 u=ser n=ansible INFO| TASK [arkime : ARKIME TASK 1: Ensure arkime base directory exists] *****************************************************************************************
2025-10-28 10:01:24,559 p=13039 u=ser n=ansible INFO| ok: [sensor-node]
2025-10-28 10:01:24,570 p=13039 u=ser n=ansible INFO| TASK [arkime : ARKIME TASK 2: Ensure PCAP directory exists] ************************************************************************************************
2025-10-28 10:01:25,228 p=13039 u=ser n=ansible INFO| ok: [sensor-node]
2025-10-28 10:01:25,238 p=13039 u=ser n=ansible INFO| TASK [arkime : ARKIME TASK 3: Ensure arkime config and logs directories exist] *****************************************************************************
2025-10-28 10:01:25,896 p=13039 u=ser n=ansible INFO| ok: [sensor-node] => (item=/opt/network-sensors/arkime/config)
2025-10-28 10:01:26,556 p=13039 u=ser n=ansible INFO| ok: [sensor-node] => (item=/opt/network-sensors/arkime/logs)
2025-10-28 10:01:26,576 p=13039 u=ser n=ansible INFO| TASK [arkime : ARKIME TASK 4: Copy TLS certs for Arkime (if present)] **************************************************************************************
2025-10-28 10:01:27,448 p=13039 u=ser n=ansible INFO| ok: [sensor-node] => (item={'src': 'ca.crt', 'dest': 'ca.crt'})
2025-10-28 10:01:27,472 p=13039 u=ser n=ansible INFO| TASK [arkime : ARKIME TASK 5: Deploy docker-compose for Arkime] ********************************************************************************************
2025-10-28 10:01:29,002 p=13039 u=ser n=ansible INFO| changed: [sensor-node]
2025-10-28 10:01:29,018 p=13039 u=ser n=ansible INFO| TASK [arkime : ARKIME TASK 6: Deploy Arkime config.ini] ****************************************************************************************************
2025-10-28 10:01:30,327 p=13039 u=ser n=ansible INFO| ok: [sensor-node]
2025-10-28 10:01:30,348 p=13039 u=ser n=ansible INFO| TASK [arkime : ARKIME TASK 7: Pull Arkime Docker images] ***************************************************************************************************
2025-10-28 10:01:33,274 p=13039 u=ser n=ansible WARNING| [WARNING]: Docker compose: unknown None: /opt/network-sensors/arkime/docker-compose.yml: the attribute `version` is obsolete, it will be ignored, please remove it to avoid potential confusion

2025-10-28 10:01:33,274 p=13039 u=ser n=ansible INFO| changed: [sensor-node]
2025-10-28 10:01:33,282 p=13039 u=ser n=ansible INFO| TASK [arkime : ARKIME TASK 8: Start Arkime stack] **********************************************************************************************************
2025-10-28 10:01:34,792 p=13039 u=ser n=ansible INFO| changed: [sensor-node]
2025-10-28 10:01:34,811 p=13039 u=ser n=ansible INFO| TASK [arkime : ARKIME TASK 9: Wait for Arkime to start] ****************************************************************************************************
2025-10-28 10:01:32,433 p=13039 u=ser n=ansible INFO| Pausing for 30 seconds
2025-10-28 10:01:32,434 p=13039 u=ser n=ansible INFO| (ctrl+C then 'C' = continue early, ctrl+C then 'A' = abort)
2025-10-28 10:02:02,445 p=13039 u=ser n=ansible INFO| ok: [sensor-node]
2025-10-28 10:02:02,457 p=13039 u=ser n=ansible INFO| TASK [arkime : ARKIME TASK 10: Wait for Arkime viewer to respond] ******************************************************************************************
2025-10-28 10:05:03,557 p=13039 u=ser n=ansible ERROR| [ERROR]: Task failed: Module failed: Timeout when waiting for 127.0.0.1:8005
Origin: /home/ser/probleeemy/network-probe-workshop/roles/arkime/tasks/main.yml:77:3

75   tags: ['arkime']
76
77 - name: "ARKIME TASK 10: Wait for Arkime viewer to respond"
     ^ column 3


2025-10-28 10:05:03,558 p=13039 u=ser n=ansible INFO| fatal: [sensor-node]: FAILED! => changed=false 
  elapsed: 180
  msg: Timeout when waiting for 127.0.0.1:8005
2025-10-28 10:05:03,560 p=13039 u=ser n=ansible INFO| PLAY RECAP *************************************************************************************************************************************************
2025-10-28 10:05:03,560 p=13039 u=ser n=ansible INFO| sensor-node                : ok=11   changed=3    unreachable=0    failed=1    skipped=0    rescued=0    ignored=0   
2025-10-28 10:08:51,447 p=13215 u=ser n=ansible WARNING| [WARNING]: Deprecation warnings can be disabled by setting `deprecation_warnings=False` in ansible.cfg.

2025-10-28 10:08:51,449 p=13215 u=ser n=ansible INFO| [DEPRECATION WARNING]: community.general.yaml has been deprecated. The plugin has been superseded by the option `result_format=yaml` in callback plugin ansible.builtin.default from ansible-core 2.13 onwards. This feature will be removed from collection 'community.general' version 12.0.0.

2025-10-28 10:08:51,485 p=13215 u=ser n=ansible INFO| PLAY [Step 7: Deploy Arkime Packet Capture] ****************************************************************************************************************
2025-10-28 10:08:51,517 p=13215 u=ser n=ansible INFO| TASK [Display Arkime deployment phase] *********************************************************************************************************************
2025-10-28 10:08:51,554 p=13215 u=ser n=ansible INFO| ok: [sensor-node] => 
  msg:
  - ==========================================
  - 'PHASE 7: ARKIME DEPLOYMENT'
  - ==========================================
  - 'Version: v5.7.1'
  - 'Web Port: 8005'
  - 'Capture Interface: eno4'
  - ==========================================
2025-10-28 10:08:51,562 p=13215 u=ser n=ansible INFO| TASK [Include arkime role] *********************************************************************************************************************************
2025-10-28 10:08:51,617 p=13215 u=ser n=ansible INFO| included: arkime for sensor-node
2025-10-28 10:08:51,623 p=13215 u=ser n=ansible INFO| TASK [arkime : ARKIME TASK 1: Ensure arkime base directory exists] *****************************************************************************************
2025-10-28 10:08:54,019 p=13215 u=ser n=ansible INFO| ok: [sensor-node]
2025-10-28 10:08:54,030 p=13215 u=ser n=ansible INFO| TASK [arkime : ARKIME TASK 2: Ensure PCAP directory exists] ************************************************************************************************
2025-10-28 10:08:54,800 p=13215 u=ser n=ansible INFO| ok: [sensor-node]
2025-10-28 10:08:54,809 p=13215 u=ser n=ansible INFO| TASK [arkime : ARKIME TASK 3: Ensure arkime config and logs directories exist] *****************************************************************************
2025-10-28 10:08:55,473 p=13215 u=ser n=ansible INFO| ok: [sensor-node] => (item=/opt/network-sensors/arkime/config)
2025-10-28 10:08:56,119 p=13215 u=ser n=ansible INFO| ok: [sensor-node] => (item=/opt/network-sensors/arkime/logs)
2025-10-28 10:08:56,138 p=13215 u=ser n=ansible INFO| TASK [arkime : ARKIME TASK 4: Copy TLS certs for Arkime (if present)] **************************************************************************************
2025-10-28 10:08:57,009 p=13215 u=ser n=ansible INFO| ok: [sensor-node] => (item={'src': 'ca.crt', 'dest': 'ca.crt'})
2025-10-28 10:08:57,028 p=13215 u=ser n=ansible INFO| TASK [arkime : ARKIME TASK 5: Deploy docker-compose for Arkime] ********************************************************************************************
2025-10-28 10:08:57,190 p=13215 u=ser n=ansible ERROR| [ERROR]: Task failed: 'arkime_docker_version' is undefined

Task failed.
Origin: /home/ser/probleeemy/network-probe-workshop/roles/arkime/tasks/main.yml:45:3

43   tags: ['arkime', 'certs']
44
45 - name: "ARKIME TASK 5: Deploy docker-compose for Arkime"
     ^ column 3

<<< caused by >>>

'arkime_docker_version' is undefined
Origin: /home/ser/probleeemy/network-probe-workshop/roles/arkime/templates/docker-compose.yml.j2


2025-10-28 10:08:57,191 p=13215 u=ser n=ansible INFO| fatal: [sensor-node]: FAILED! => changed=false 
  msg: 'Task failed: ''arkime_docker_version'' is undefined'
2025-10-28 10:08:57,192 p=13215 u=ser n=ansible INFO| PLAY RECAP *************************************************************************************************************************************************
2025-10-28 10:08:57,193 p=13215 u=ser n=ansible INFO| sensor-node                : ok=6    changed=0    unreachable=0    failed=1    skipped=0    rescued=0    ignored=0   
2025-10-28 10:09:20,627 p=13270 u=ser n=ansible WARNING| [WARNING]: Deprecation warnings can be disabled by setting `deprecation_warnings=False` in ansible.cfg.

2025-10-28 10:09:20,628 p=13270 u=ser n=ansible INFO| [DEPRECATION WARNING]: community.general.yaml has been deprecated. The plugin has been superseded by the option `result_format=yaml` in callback plugin ansible.builtin.default from ansible-core 2.13 onwards. This feature will be removed from collection 'community.general' version 12.0.0.

2025-10-28 10:09:20,652 p=13270 u=ser n=ansible INFO| PLAY [Step 7: Deploy Arkime Packet Capture] ****************************************************************************************************************
2025-10-28 10:09:20,669 p=13270 u=ser n=ansible INFO| TASK [Display Arkime deployment phase] *********************************************************************************************************************
2025-10-28 10:09:20,698 p=13270 u=ser n=ansible INFO| ok: [sensor-node] => 
  msg:
  - ==========================================
  - 'PHASE 7: ARKIME DEPLOYMENT'
  - ==========================================
  - 'Version: v5.7.1'
  - 'Web Port: 8005'
  - 'Capture Interface: eno4'
  - ==========================================
2025-10-28 10:09:20,705 p=13270 u=ser n=ansible INFO| TASK [Include arkime role] *********************************************************************************************************************************
2025-10-28 10:09:20,756 p=13270 u=ser n=ansible INFO| included: arkime for sensor-node
2025-10-28 10:09:20,763 p=13270 u=ser n=ansible INFO| TASK [arkime : ARKIME TASK 1: Ensure arkime base directory exists] *****************************************************************************************
2025-10-28 10:09:21,678 p=13270 u=ser n=ansible INFO| ok: [sensor-node]
2025-10-28 10:09:21,692 p=13270 u=ser n=ansible INFO| TASK [arkime : ARKIME TASK 2: Ensure PCAP directory exists] ************************************************************************************************
2025-10-28 10:09:22,442 p=13270 u=ser n=ansible INFO| ok: [sensor-node]
2025-10-28 10:09:22,452 p=13270 u=ser n=ansible INFO| TASK [arkime : ARKIME TASK 3: Ensure arkime config and logs directories exist] *****************************************************************************
2025-10-28 10:09:23,111 p=13270 u=ser n=ansible INFO| ok: [sensor-node] => (item=/opt/network-sensors/arkime/config)
2025-10-28 10:09:23,776 p=13270 u=ser n=ansible INFO| ok: [sensor-node] => (item=/opt/network-sensors/arkime/logs)
2025-10-28 10:09:23,789 p=13270 u=ser n=ansible INFO| TASK [arkime : ARKIME TASK 4: Copy TLS certs for Arkime (if present)] **************************************************************************************
2025-10-28 10:09:24,658 p=13270 u=ser n=ansible INFO| ok: [sensor-node] => (item={'src': 'ca.crt', 'dest': 'ca.crt'})
2025-10-28 10:09:24,668 p=13270 u=ser n=ansible INFO| TASK [arkime : ARKIME TASK 5: Deploy docker-compose for Arkime] ********************************************************************************************
2025-10-28 10:09:26,115 p=13270 u=ser n=ansible INFO| changed: [sensor-node]
2025-10-28 10:09:26,124 p=13270 u=ser n=ansible INFO| TASK [arkime : ARKIME TASK 6: Deploy Arkime config.ini] ****************************************************************************************************
2025-10-28 10:09:27,426 p=13270 u=ser n=ansible INFO| changed: [sensor-node]
2025-10-28 10:09:27,436 p=13270 u=ser n=ansible INFO| TASK [arkime : ARKIME TASK 7: Pull Arkime Docker images] ***************************************************************************************************
2025-10-28 10:09:30,070 p=13270 u=ser n=ansible WARNING| [WARNING]: Docker compose: unknown None: /opt/network-sensors/arkime/docker-compose.yml: the attribute `version` is obsolete, it will be ignored, please remove it to avoid potential confusion

2025-10-28 10:09:30,071 p=13270 u=ser n=ansible INFO| changed: [sensor-node]
2025-10-28 10:09:30,081 p=13270 u=ser n=ansible INFO| TASK [arkime : ARKIME TASK 8: Start Arkime stack] **********************************************************************************************************
2025-10-28 10:09:31,606 p=13270 u=ser n=ansible INFO| ok: [sensor-node]
2025-10-28 10:09:31,622 p=13270 u=ser n=ansible INFO| TASK [arkime : ARKIME TASK 9: Wait for Arkime to start] ****************************************************************************************************
2025-10-28 10:09:31,641 p=13270 u=ser n=ansible INFO| Pausing for 30 seconds
2025-10-28 10:09:31,642 p=13270 u=ser n=ansible INFO| (ctrl+C then 'C' = continue early, ctrl+C then 'A' = abort)
2025-10-28 10:09:57,129 p=13270 u=ser n=ansible INFO| Press 'C' to continue the play or 'A' to abort 
2025-10-28 10:10:03,498 p=13270 u=ser n=ansible ERROR| [ERROR]: Task failed: user requested abort!

Task failed.
Origin: /home/ser/probleeemy/network-probe-workshop/roles/arkime/tasks/main.yml:72:3

70   tags: ['arkime', 'deploy']
71
72 - name: "ARKIME TASK 9: Wait for Arkime to start"
     ^ column 3

<<< caused by >>>

user requested abort!


2025-10-28 10:10:03,499 p=13270 u=ser n=ansible INFO| fatal: [sensor-node]: FAILED! => changed=false 
  msg: 'Task failed: user requested abort!'
2025-10-28 10:10:03,501 p=13270 u=ser n=ansible INFO| PLAY RECAP *************************************************************************************************************************************************
2025-10-28 10:10:03,502 p=13270 u=ser n=ansible INFO| sensor-node                : ok=10   changed=3    unreachable=0    failed=1    skipped=0    rescued=0    ignored=0   
2025-10-28 10:15:47,111 p=13579 u=ser n=ansible WARNING| [WARNING]: Deprecation warnings can be disabled by setting `deprecation_warnings=False` in ansible.cfg.

2025-10-28 10:15:47,112 p=13579 u=ser n=ansible INFO| [DEPRECATION WARNING]: community.general.yaml has been deprecated. The plugin has been superseded by the option `result_format=yaml` in callback plugin ansible.builtin.default from ansible-core 2.13 onwards. This feature will be removed from collection 'community.general' version 12.0.0.

2025-10-28 10:15:47,144 p=13579 u=ser n=ansible INFO| PLAY [Step 7: Deploy Arkime Packet Capture] ****************************************************************************************************************
2025-10-28 10:15:47,168 p=13579 u=ser n=ansible INFO| TASK [Display Arkime deployment phase] *********************************************************************************************************************
2025-10-28 10:15:47,202 p=13579 u=ser n=ansible INFO| ok: [sensor-node] => 
  msg:
  - ==========================================
  - 'PHASE 7: ARKIME DEPLOYMENT'
  - ==========================================
  - 'Version: v5.7.1'
  - 'Web Port: 8005'
  - 'Capture Interface: eno4'
  - ==========================================
2025-10-28 10:15:47,209 p=13579 u=ser n=ansible INFO| TASK [Include arkime role] *********************************************************************************************************************************
2025-10-28 10:15:47,267 p=13579 u=ser n=ansible INFO| included: arkime for sensor-node
2025-10-28 10:15:47,273 p=13579 u=ser n=ansible INFO| TASK [arkime : ARKIME TASK 1: Ensure arkime base directory exists] *****************************************************************************************
2025-10-28 10:15:49,434 p=13579 u=ser n=ansible INFO| ok: [sensor-node]
2025-10-28 10:15:49,449 p=13579 u=ser n=ansible INFO| TASK [arkime : ARKIME TASK 2: Ensure PCAP directory exists] ************************************************************************************************
2025-10-28 10:15:50,084 p=13579 u=ser n=ansible INFO| ok: [sensor-node]
2025-10-28 10:15:50,095 p=13579 u=ser n=ansible INFO| TASK [arkime : ARKIME TASK 3: Ensure arkime config and logs directories exist] *****************************************************************************
2025-10-28 10:15:50,732 p=13579 u=ser n=ansible INFO| ok: [sensor-node] => (item=/opt/network-sensors/arkime/config)
2025-10-28 10:15:51,320 p=13579 u=ser n=ansible INFO| ok: [sensor-node] => (item=/opt/network-sensors/arkime/logs)
2025-10-28 10:15:51,337 p=13579 u=ser n=ansible INFO| TASK [arkime : ARKIME TASK 4: Copy TLS certs for Arkime (if present)] **************************************************************************************
2025-10-28 10:15:52,139 p=13579 u=ser n=ansible INFO| ok: [sensor-node] => (item={'src': 'ca.crt', 'dest': 'ca.crt'})
2025-10-28 10:15:52,158 p=13579 u=ser n=ansible INFO| TASK [arkime : ARKIME TASK 5: Deploy docker-compose for Arkime] ********************************************************************************************
2025-10-28 10:15:53,555 p=13579 u=ser n=ansible INFO| changed: [sensor-node]
2025-10-28 10:15:53,571 p=13579 u=ser n=ansible INFO| TASK [arkime : ARKIME TASK 6: Deploy Arkime config.ini] ****************************************************************************************************
2025-10-28 10:15:54,723 p=13579 u=ser n=ansible INFO| ok: [sensor-node]
2025-10-28 10:15:54,732 p=13579 u=ser n=ansible INFO| TASK [arkime : ARKIME TASK 7: Pull Arkime Docker images] ***************************************************************************************************
2025-10-28 10:15:57,909 p=13579 u=ser n=ansible WARNING| [WARNING]: Docker compose: unknown None: /opt/network-sensors/arkime/docker-compose.yml: the attribute `version` is obsolete, it will be ignored, please remove it to avoid potential confusion

2025-10-28 10:15:57,910 p=13579 u=ser n=ansible ERROR| [ERROR]: Task failed: Module failed: Error when processing arkime-viewer: pull access denied for v5.7.1, repository does not exist or may require 'docker login': denied: requested access to the resource is denied
General error: Error response from daemon: pull access denied for v5.7.1, repository does not exist or may require 'docker login': denied: requested access to the resource is denied
Origin: /home/ser/probleeemy/network-probe-workshop/roles/arkime/tasks/main.yml:59:3

57   tags: ['arkime', 'config']
58
59 - name: "ARKIME TASK 7: Pull Arkime Docker images"
     ^ column 3


2025-10-28 10:15:57,912 p=13579 u=ser n=ansible INFO| fatal: [sensor-node]: FAILED! => changed=false 
  actions:
  - id: arkime-capture
    status: Pulling
    what: image
  - id: arkime-viewer
    status: Pulling
    what: image
  cmd: /usr/bin/docker compose --ansi never --progress json --project-directory /opt/network-sensors/arkime up --detach --no-color --quiet-pull --pull always --
  containers: []
  images: null
  msg: |-
    Error when processing arkime-viewer: pull access denied for v5.7.1, repository does not exist or may require 'docker login': denied: requested access to the resource is denied
    General error: Error response from daemon: pull access denied for v5.7.1, repository does not exist or may require 'docker login': denied: requested access to the resource is denied
  rc: 1
  stderr: |-
    {"level":"warning","msg":"/opt/network-sensors/arkime/docker-compose.yml: the attribute `version` is obsolete, it will be ignored, please remove it to avoid potential confusion","time":"2025-10-28T09:15:55Z"}
    {"id":"arkime-capture","text":"Pulling"}
    {"id":"arkime-viewer","text":"Pulling"}
    {"id":"arkime-viewer","text":"Error","status":"pull access denied for v5.7.1, repository does not exist or may require 'docker login': denied: requested access to the resource is denied"}
    {"id":"arkime-capture","status":"Interrupted"}
    {"error":true,"message":"Error response from daemon: pull access denied for v5.7.1, repository does not exist or may require 'docker login': denied: requested access to the resource is denied"}
  stderr_lines: <omitted>
  stdout: ''
  stdout_lines: <omitted>
2025-10-28 10:15:57,914 p=13579 u=ser n=ansible INFO| PLAY RECAP *************************************************************************************************************************************************
2025-10-28 10:15:57,914 p=13579 u=ser n=ansible INFO| sensor-node                : ok=8    changed=1    unreachable=0    failed=1    skipped=0    rescued=0    ignored=0   
2025-10-28 10:17:13,127 p=13796 u=ser n=ansible WARNING| [WARNING]: Deprecation warnings can be disabled by setting `deprecation_warnings=False` in ansible.cfg.

2025-10-28 10:17:13,128 p=13796 u=ser n=ansible INFO| [DEPRECATION WARNING]: community.general.yaml has been deprecated. The plugin has been superseded by the option `result_format=yaml` in callback plugin ansible.builtin.default from ansible-core 2.13 onwards. This feature will be removed from collection 'community.general' version 12.0.0.

2025-10-28 10:17:13,167 p=13796 u=ser n=ansible INFO| PLAY [Step 7: Deploy Arkime Packet Capture] ****************************************************************************************************************
2025-10-28 10:17:13,196 p=13796 u=ser n=ansible INFO| TASK [Display Arkime deployment phase] *********************************************************************************************************************
2025-10-28 10:17:13,232 p=13796 u=ser n=ansible INFO| ok: [sensor-node] => 
  msg:
  - ==========================================
  - 'PHASE 7: ARKIME DEPLOYMENT'
  - ==========================================
  - 'Version: v5.7.1'
  - 'Web Port: 8005'
  - 'Capture Interface: eno4'
  - ==========================================
2025-10-28 10:17:13,240 p=13796 u=ser n=ansible INFO| TASK [Include arkime role] *********************************************************************************************************************************
2025-10-28 10:17:13,297 p=13796 u=ser n=ansible INFO| included: arkime for sensor-node
2025-10-28 10:17:13,304 p=13796 u=ser n=ansible INFO| TASK [arkime : ARKIME TASK 1: Ensure arkime base directory exists] *****************************************************************************************
2025-10-28 10:17:15,702 p=13796 u=ser n=ansible INFO| ok: [sensor-node]
2025-10-28 10:17:15,716 p=13796 u=ser n=ansible INFO| TASK [arkime : ARKIME TASK 2: Ensure PCAP directory exists] ************************************************************************************************
2025-10-28 10:17:16,360 p=13796 u=ser n=ansible INFO| ok: [sensor-node]
2025-10-28 10:17:16,370 p=13796 u=ser n=ansible INFO| TASK [arkime : ARKIME TASK 3: Ensure arkime config and logs directories exist] *****************************************************************************
2025-10-28 10:17:17,126 p=13796 u=ser n=ansible INFO| ok: [sensor-node] => (item=/opt/network-sensors/arkime/config)
2025-10-28 10:17:17,778 p=13796 u=ser n=ansible INFO| ok: [sensor-node] => (item=/opt/network-sensors/arkime/logs)
2025-10-28 10:17:17,804 p=13796 u=ser n=ansible INFO| TASK [arkime : ARKIME TASK 4: Copy TLS certs for Arkime (if present)] **************************************************************************************
2025-10-28 10:17:18,663 p=13796 u=ser n=ansible INFO| ok: [sensor-node] => (item={'src': 'ca.crt', 'dest': 'ca.crt'})
2025-10-28 10:17:18,685 p=13796 u=ser n=ansible INFO| TASK [arkime : ARKIME TASK 5: Deploy docker-compose for Arkime] ********************************************************************************************
2025-10-28 10:17:20,119 p=13796 u=ser n=ansible INFO| changed: [sensor-node]
2025-10-28 10:17:20,128 p=13796 u=ser n=ansible INFO| TASK [arkime : ARKIME TASK 6: Deploy Arkime config.ini] ****************************************************************************************************
2025-10-28 10:17:21,393 p=13796 u=ser n=ansible INFO| ok: [sensor-node]
2025-10-28 10:17:21,401 p=13796 u=ser n=ansible INFO| TASK [arkime : ARKIME TASK 7: Pull Arkime Docker images] ***************************************************************************************************
2025-10-28 10:17:25,266 p=13796 u=ser n=ansible WARNING| [WARNING]: Docker compose: unknown None: /opt/network-sensors/arkime/docker-compose.yml: the attribute `version` is obsolete, it will be ignored, please remove it to avoid potential confusion

2025-10-28 10:17:25,266 p=13796 u=ser n=ansible INFO| changed: [sensor-node]
2025-10-28 10:17:25,275 p=13796 u=ser n=ansible INFO| TASK [arkime : ARKIME TASK 8: Start Arkime stack] **********************************************************************************************************
2025-10-28 10:17:26,937 p=13796 u=ser n=ansible INFO| ok: [sensor-node]
2025-10-28 10:17:26,947 p=13796 u=ser n=ansible INFO| TASK [arkime : ARKIME TASK 9: Wait for Arkime to start] ****************************************************************************************************
2025-10-28 10:17:26,968 p=13796 u=ser n=ansible INFO| Pausing for 30 seconds
2025-10-28 10:17:26,969 p=13796 u=ser n=ansible INFO| (ctrl+C then 'C' = continue early, ctrl+C then 'A' = abort)
2025-10-28 10:17:56,979 p=13796 u=ser n=ansible INFO| ok: [sensor-node]
2025-10-28 10:17:56,994 p=13796 u=ser n=ansible INFO| TASK [arkime : ARKIME TASK 10: Wait for Arkime viewer to respond] ******************************************************************************************
2025-10-28 10:20:15,758 p=13796 u=ser n=ansible ERROR| [ERROR]: Task failed: process object is closed
Origin: /home/ser/probleeemy/network-probe-workshop/roles/arkime/tasks/main.yml:77:3

75   tags: ['arkime']
76
77 - name: "ARKIME TASK 10: Wait for Arkime viewer to respond"
     ^ column 3


2025-10-28 10:20:15,761 p=13796 u=ser n=ansible INFO| fatal: [sensor-node]: FAILED! => changed=false 
  msg: 'Task failed: process object is closed'
2025-10-28 10:20:15,763 p=13796 u=ser n=ansible INFO| PLAY RECAP *************************************************************************************************************************************************
2025-10-28 10:20:15,764 p=13796 u=ser n=ansible INFO| sensor-node                : ok=11   changed=2    unreachable=0    failed=1    skipped=0    rescued=0    ignored=0   
2025-10-28 10:21:13,814 p=13993 u=ser n=ansible WARNING| [WARNING]: Deprecation warnings can be disabled by setting `deprecation_warnings=False` in ansible.cfg.

2025-10-28 10:21:13,815 p=13993 u=ser n=ansible INFO| [DEPRECATION WARNING]: community.general.yaml has been deprecated. The plugin has been superseded by the option `result_format=yaml` in callback plugin ansible.builtin.default from ansible-core 2.13 onwards. This feature will be removed from collection 'community.general' version 12.0.0.

2025-10-28 10:21:13,847 p=13993 u=ser n=ansible INFO| PLAY [Step 7: Deploy Arkime Packet Capture] ****************************************************************************************************************
2025-10-28 10:21:13,865 p=13993 u=ser n=ansible INFO| TASK [Gathering Facts] *************************************************************************************************************************************
2025-10-28 10:21:16,873 p=13993 u=ser n=ansible INFO| ok: [sensor-node]
2025-10-28 10:21:16,883 p=13993 u=ser n=ansible INFO| TASK [Display Arkime deployment phase] *********************************************************************************************************************
2025-10-28 10:21:16,909 p=13993 u=ser n=ansible INFO| ok: [sensor-node] => 
  msg:
  - ==========================================
  - 'PHASE 7: ARKIME DEPLOYMENT'
  - ==========================================
  - 'Version: v5.7.1'
  - 'Web Port: 8005'
  - 'Capture Interface: eno4'
  - ==========================================
2025-10-28 10:21:16,917 p=13993 u=ser n=ansible INFO| TASK [Include arkime role] *********************************************************************************************************************************
2025-10-28 10:21:16,972 p=13993 u=ser n=ansible INFO| included: arkime for sensor-node
2025-10-28 10:21:16,978 p=13993 u=ser n=ansible INFO| TASK [arkime : ARKIME TASK 1: Ensure arkime base directory exists] *****************************************************************************************
2025-10-28 10:21:17,818 p=13993 u=ser n=ansible INFO| ok: [sensor-node]
2025-10-28 10:21:17,833 p=13993 u=ser n=ansible INFO| TASK [arkime : ARKIME TASK 2: Ensure PCAP directory exists] ************************************************************************************************
2025-10-28 10:21:18,482 p=13993 u=ser n=ansible INFO| ok: [sensor-node]
2025-10-28 10:21:18,493 p=13993 u=ser n=ansible INFO| TASK [arkime : ARKIME TASK 3: Ensure arkime config and logs directories exist] *****************************************************************************
2025-10-28 10:21:19,153 p=13993 u=ser n=ansible INFO| ok: [sensor-node] => (item=/opt/network-sensors/arkime/config)
2025-10-28 10:21:19,807 p=13993 u=ser n=ansible INFO| ok: [sensor-node] => (item=/opt/network-sensors/arkime/logs)
2025-10-28 10:21:19,831 p=13993 u=ser n=ansible INFO| TASK [arkime : ARKIME TASK 4: Copy TLS certs for Arkime (if present)] **************************************************************************************
2025-10-28 10:21:20,691 p=13993 u=ser n=ansible INFO| ok: [sensor-node] => (item={'src': 'ca.crt', 'dest': 'ca.crt'})
2025-10-28 10:21:20,712 p=13993 u=ser n=ansible INFO| TASK [arkime : ARKIME TASK 5: Deploy docker-compose for Arkime] ********************************************************************************************
2025-10-28 10:21:22,241 p=13993 u=ser n=ansible INFO| changed: [sensor-node]
2025-10-28 10:21:22,249 p=13993 u=ser n=ansible INFO| TASK [arkime : ARKIME TASK 6: Deploy Arkime config.ini] ****************************************************************************************************
2025-10-28 10:21:23,674 p=13993 u=ser n=ansible INFO| changed: [sensor-node]
2025-10-28 10:21:23,689 p=13993 u=ser n=ansible INFO| TASK [arkime : ARKIME TASK 7: Pull Arkime Docker images] ***************************************************************************************************
2025-10-28 10:21:26,877 p=13993 u=ser n=ansible WARNING| [WARNING]: Docker compose: unknown None: /opt/network-sensors/arkime/docker-compose.yml: the attribute `version` is obsolete, it will be ignored, please remove it to avoid potential confusion

2025-10-28 10:21:26,878 p=13993 u=ser n=ansible ERROR| [ERROR]: Task failed: Module failed: Error when processing arkime-viewer: pull access denied for v5.7.1, repository does not exist or may require 'docker login': denied: requested access to the resource is denied
General error: Error response from daemon: pull access denied for v5.7.1, repository does not exist or may require 'docker login': denied: requested access to the resource is denied
Origin: /home/ser/probleeemy/network-probe-workshop/roles/arkime/tasks/main.yml:59:3

57   tags: ['arkime', 'config']
58
59 - name: "ARKIME TASK 7: Pull Arkime Docker images"
     ^ column 3


2025-10-28 10:21:26,881 p=13993 u=ser n=ansible INFO| fatal: [sensor-node]: FAILED! => changed=false 
  actions:
  - id: arkime-capture
    status: Pulling
    what: image
  - id: arkime-viewer
    status: Pulling
    what: image
  cmd: /usr/bin/docker compose --ansi never --progress json --project-directory /opt/network-sensors/arkime up --detach --no-color --quiet-pull --pull always --
  containers: []
  images: null
  msg: |-
    Error when processing arkime-viewer: pull access denied for v5.7.1, repository does not exist or may require 'docker login': denied: requested access to the resource is denied
    General error: Error response from daemon: pull access denied for v5.7.1, repository does not exist or may require 'docker login': denied: requested access to the resource is denied
  rc: 1
  stderr: |-
    {"level":"warning","msg":"/opt/network-sensors/arkime/docker-compose.yml: the attribute `version` is obsolete, it will be ignored, please remove it to avoid potential confusion","time":"2025-10-28T09:21:23Z"}
    {"id":"arkime-capture","text":"Pulling"}
    {"id":"arkime-viewer","text":"Pulling"}
    {"id":"arkime-viewer","text":"Error","status":"pull access denied for v5.7.1, repository does not exist or may require 'docker login': denied: requested access to the resource is denied"}
    {"id":"arkime-capture","status":"Interrupted"}
    {"error":true,"message":"Error response from daemon: pull access denied for v5.7.1, repository does not exist or may require 'docker login': denied: requested access to the resource is denied"}
  stderr_lines: <omitted>
  stdout: ''
  stdout_lines: <omitted>
2025-10-28 10:21:26,883 p=13993 u=ser n=ansible INFO| PLAY RECAP *************************************************************************************************************************************************
2025-10-28 10:21:26,883 p=13993 u=ser n=ansible INFO| sensor-node                : ok=9    changed=2    unreachable=0    failed=1    skipped=0    rescued=0    ignored=0   
2025-10-28 10:21:49,763 p=14093 u=ser n=ansible WARNING| [WARNING]: Deprecation warnings can be disabled by setting `deprecation_warnings=False` in ansible.cfg.

2025-10-28 10:21:49,770 p=14093 u=ser n=ansible INFO| [DEPRECATION WARNING]: community.general.yaml has been deprecated. The plugin has been superseded by the option `result_format=yaml` in callback plugin ansible.builtin.default from ansible-core 2.13 onwards. This feature will be removed from collection 'community.general' version 12.0.0.

2025-10-28 10:21:49,796 p=14093 u=ser n=ansible INFO| PLAY [Step 7: Deploy Arkime Packet Capture] ****************************************************************************************************************
2025-10-28 10:21:49,815 p=14093 u=ser n=ansible INFO| TASK [Display Arkime deployment phase] *********************************************************************************************************************
2025-10-28 10:21:49,847 p=14093 u=ser n=ansible INFO| ok: [sensor-node] => 
  msg:
  - ==========================================
  - 'PHASE 7: ARKIME DEPLOYMENT'
  - ==========================================
  - 'Version: v5.7.1'
  - 'Web Port: 8005'
  - 'Capture Interface: eno4'
  - ==========================================
2025-10-28 10:21:49,854 p=14093 u=ser n=ansible INFO| TASK [Include arkime role] *********************************************************************************************************************************
2025-10-28 10:21:49,907 p=14093 u=ser n=ansible INFO| included: arkime for sensor-node
2025-10-28 10:21:49,914 p=14093 u=ser n=ansible INFO| TASK [arkime : ARKIME TASK 1: Ensure arkime base directory exists] *****************************************************************************************
2025-10-28 10:21:50,731 p=14093 u=ser n=ansible INFO| ok: [sensor-node]
2025-10-28 10:21:50,743 p=14093 u=ser n=ansible INFO| TASK [arkime : ARKIME TASK 2: Ensure PCAP directory exists] ************************************************************************************************
2025-10-28 10:21:51,390 p=14093 u=ser n=ansible INFO| ok: [sensor-node]
2025-10-28 10:21:51,401 p=14093 u=ser n=ansible INFO| TASK [arkime : ARKIME TASK 3: Ensure arkime config and logs directories exist] *****************************************************************************
2025-10-28 10:21:52,044 p=14093 u=ser n=ansible INFO| ok: [sensor-node] => (item=/opt/network-sensors/arkime/config)
2025-10-28 10:21:52,707 p=14093 u=ser n=ansible INFO| ok: [sensor-node] => (item=/opt/network-sensors/arkime/logs)
2025-10-28 10:21:52,720 p=14093 u=ser n=ansible INFO| TASK [arkime : ARKIME TASK 4: Copy TLS certs for Arkime (if present)] **************************************************************************************
2025-10-28 10:21:53,612 p=14093 u=ser n=ansible INFO| ok: [sensor-node] => (item={'src': 'ca.crt', 'dest': 'ca.crt'})
2025-10-28 10:21:53,625 p=14093 u=ser n=ansible INFO| TASK [arkime : ARKIME TASK 5: Deploy docker-compose for Arkime] ********************************************************************************************
2025-10-28 10:21:55,082 p=14093 u=ser n=ansible INFO| changed: [sensor-node]
2025-10-28 10:21:55,092 p=14093 u=ser n=ansible INFO| TASK [arkime : ARKIME TASK 6: Deploy Arkime config.ini] ****************************************************************************************************
2025-10-28 10:21:56,315 p=14093 u=ser n=ansible INFO| ok: [sensor-node]
2025-10-28 10:21:56,325 p=14093 u=ser n=ansible INFO| TASK [arkime : ARKIME TASK 7: Pull Arkime Docker images] ***************************************************************************************************
2025-10-28 10:21:59,245 p=14093 u=ser n=ansible WARNING| [WARNING]: Docker compose: unknown None: /opt/network-sensors/arkime/docker-compose.yml: the attribute `version` is obsolete, it will be ignored, please remove it to avoid potential confusion

2025-10-28 10:21:59,246 p=14093 u=ser n=ansible INFO| changed: [sensor-node]
2025-10-28 10:21:59,257 p=14093 u=ser n=ansible INFO| TASK [arkime : ARKIME TASK 8: Start Arkime stack] **********************************************************************************************************
2025-10-28 10:22:00,814 p=14093 u=ser n=ansible INFO| ok: [sensor-node]
2025-10-28 10:22:00,831 p=14093 u=ser n=ansible INFO| TASK [arkime : ARKIME TASK 9: Wait for Arkime to start] ****************************************************************************************************
2025-10-28 10:22:00,854 p=14093 u=ser n=ansible INFO| Pausing for 30 seconds
2025-10-28 10:22:00,854 p=14093 u=ser n=ansible INFO| (ctrl+C then 'C' = continue early, ctrl+C then 'A' = abort)
2025-10-28 10:22:30,867 p=14093 u=ser n=ansible INFO| ok: [sensor-node]
2025-10-28 10:22:30,881 p=14093 u=ser n=ansible INFO| TASK [arkime : ARKIME TASK 10: Wait for Arkime viewer to respond] ******************************************************************************************
2025-10-28 10:25:31,993 p=14093 u=ser n=ansible ERROR| [ERROR]: Task failed: Module failed: Timeout when waiting for 127.0.0.1:8005
Origin: /home/ser/probleeemy/network-probe-workshop/roles/arkime/tasks/main.yml:77:3

75   tags: ['arkime']
76
77 - name: "ARKIME TASK 10: Wait for Arkime viewer to respond"
     ^ column 3


2025-10-28 10:25:31,994 p=14093 u=ser n=ansible INFO| fatal: [sensor-node]: FAILED! => changed=false 
  elapsed: 180
  msg: Timeout when waiting for 127.0.0.1:8005
2025-10-28 10:25:31,996 p=14093 u=ser n=ansible INFO| PLAY RECAP *************************************************************************************************************************************************
2025-10-28 10:25:31,997 p=14093 u=ser n=ansible INFO| sensor-node                : ok=11   changed=2    unreachable=0    failed=1    skipped=0    rescued=0    ignored=0   
2025-10-28 10:27:01,572 p=14224 u=ser n=ansible WARNING| [WARNING]: Deprecation warnings can be disabled by setting `deprecation_warnings=False` in ansible.cfg.

2025-10-28 10:27:01,573 p=14224 u=ser n=ansible INFO| [DEPRECATION WARNING]: community.general.yaml has been deprecated. The plugin has been superseded by the option `result_format=yaml` in callback plugin ansible.builtin.default from ansible-core 2.13 onwards. This feature will be removed from collection 'community.general' version 12.0.0.

2025-10-28 10:27:01,600 p=14224 u=ser n=ansible INFO| PLAY [Step 7: Deploy Arkime Packet Capture] ****************************************************************************************************************
2025-10-28 10:27:01,619 p=14224 u=ser n=ansible INFO| TASK [Display Arkime deployment phase] *********************************************************************************************************************
2025-10-28 10:27:01,650 p=14224 u=ser n=ansible INFO| ok: [sensor-node] => 
  msg:
  - ==========================================
  - 'PHASE 7: ARKIME DEPLOYMENT'
  - ==========================================
  - 'Version: v5.7.1'
  - 'Web Port: 8005'
  - 'Capture Interface: eno4'
  - ==========================================
2025-10-28 10:27:01,659 p=14224 u=ser n=ansible INFO| TASK [Include arkime role] *********************************************************************************************************************************
2025-10-28 10:27:01,714 p=14224 u=ser n=ansible INFO| included: arkime for sensor-node
2025-10-28 10:27:01,720 p=14224 u=ser n=ansible INFO| TASK [arkime : ARKIME TASK 1: Ensure arkime base directory exists] *****************************************************************************************
2025-10-28 10:27:03,967 p=14224 u=ser n=ansible INFO| ok: [sensor-node]
2025-10-28 10:27:03,978 p=14224 u=ser n=ansible INFO| TASK [arkime : ARKIME TASK 2: Ensure PCAP directory exists] ************************************************************************************************
2025-10-28 10:27:04,614 p=14224 u=ser n=ansible INFO| ok: [sensor-node]
2025-10-28 10:27:04,624 p=14224 u=ser n=ansible INFO| TASK [arkime : ARKIME TASK 3: Ensure arkime config and logs directories exist] *****************************************************************************
2025-10-28 10:27:05,278 p=14224 u=ser n=ansible INFO| ok: [sensor-node] => (item=/opt/network-sensors/arkime/config)
2025-10-28 10:27:05,902 p=14224 u=ser n=ansible INFO| ok: [sensor-node] => (item=/opt/network-sensors/arkime/logs)
2025-10-28 10:27:05,914 p=14224 u=ser n=ansible INFO| TASK [arkime : ARKIME TASK 4: Copy TLS certs for Arkime (if present)] **************************************************************************************
2025-10-28 10:27:06,824 p=14224 u=ser n=ansible INFO| ok: [sensor-node] => (item={'src': 'ca.crt', 'dest': 'ca.crt'})
2025-10-28 10:27:06,835 p=14224 u=ser n=ansible INFO| TASK [arkime : ARKIME TASK 5: Deploy docker-compose for Arkime] ********************************************************************************************
2025-10-28 10:27:08,245 p=14224 u=ser n=ansible INFO| ok: [sensor-node]
2025-10-28 10:27:08,257 p=14224 u=ser n=ansible INFO| TASK [arkime : ARKIME TASK 6: Deploy Arkime config.ini] ****************************************************************************************************
2025-10-28 10:27:09,666 p=14224 u=ser n=ansible INFO| changed: [sensor-node]
2025-10-28 10:27:09,676 p=14224 u=ser n=ansible INFO| TASK [arkime : ARKIME TASK 7: Pull Arkime Docker images] ***************************************************************************************************
2025-10-28 10:27:12,882 p=14224 u=ser n=ansible WARNING| [WARNING]: Docker compose: unknown None: /opt/network-sensors/arkime/docker-compose.yml: the attribute `version` is obsolete, it will be ignored, please remove it to avoid potential confusion

2025-10-28 10:27:12,883 p=14224 u=ser n=ansible INFO| changed: [sensor-node]
2025-10-28 10:27:12,892 p=14224 u=ser n=ansible INFO| TASK [arkime : ARKIME TASK 8: Start Arkime stack] **********************************************************************************************************
2025-10-28 10:27:12,181 p=14224 u=ser n=ansible INFO| ok: [sensor-node]
2025-10-28 10:27:12,190 p=14224 u=ser n=ansible INFO| TASK [arkime : ARKIME TASK 9: Wait for Arkime to start] ****************************************************************************************************
2025-10-28 10:27:12,210 p=14224 u=ser n=ansible INFO| Pausing for 30 seconds
2025-10-28 10:27:12,211 p=14224 u=ser n=ansible INFO| (ctrl+C then 'C' = continue early, ctrl+C then 'A' = abort)
2025-10-28 10:27:42,220 p=14224 u=ser n=ansible INFO| ok: [sensor-node]
2025-10-28 10:27:42,230 p=14224 u=ser n=ansible INFO| TASK [arkime : ARKIME TASK 10: Wait for Arkime viewer to respond] ******************************************************************************************
2025-10-28 10:30:40,736 p=14224 u=ser n=ansible ERROR| [ERROR]: Task failed: Module failed: Timeout when waiting for 127.0.0.1:8005
Origin: /home/ser/probleeemy/network-probe-workshop/roles/arkime/tasks/main.yml:77:3

75   tags: ['arkime']
76
77 - name: "ARKIME TASK 10: Wait for Arkime viewer to respond"
     ^ column 3


2025-10-28 10:30:40,738 p=14224 u=ser n=ansible INFO| fatal: [sensor-node]: FAILED! => changed=false 
  elapsed: 180
  msg: Timeout when waiting for 127.0.0.1:8005
2025-10-28 10:30:40,740 p=14224 u=ser n=ansible INFO| PLAY RECAP *************************************************************************************************************************************************
2025-10-28 10:30:40,740 p=14224 u=ser n=ansible INFO| sensor-node                : ok=11   changed=2    unreachable=0    failed=1    skipped=0    rescued=0    ignored=0   
2025-10-28 10:57:09,955 p=14625 u=ser n=ansible WARNING| [WARNING]: Deprecation warnings can be disabled by setting `deprecation_warnings=False` in ansible.cfg.

2025-10-28 10:57:09,956 p=14625 u=ser n=ansible INFO| [DEPRECATION WARNING]: community.general.yaml has been deprecated. The plugin has been superseded by the option `result_format=yaml` in callback plugin ansible.builtin.default from ansible-core 2.13 onwards. This feature will be removed from collection 'community.general' version 12.0.0.

2025-10-28 10:57:09,991 p=14625 u=ser n=ansible INFO| PLAY [Step 7: Deploy Arkime Packet Capture] ****************************************************************************************************************
2025-10-28 10:57:10,020 p=14625 u=ser n=ansible INFO| TASK [Display Arkime deployment phase] *********************************************************************************************************************
2025-10-28 10:57:10,054 p=14625 u=ser n=ansible INFO| ok: [sensor-node] => 
  msg:
  - ==========================================
  - 'PHASE 7: ARKIME DEPLOYMENT'
  - ==========================================
  - 'Version: v5.7.1'
  - 'Web Port: 8005'
  - 'Capture Interface: eno4'
  - ==========================================
2025-10-28 10:57:10,062 p=14625 u=ser n=ansible INFO| TASK [Include arkime role] *********************************************************************************************************************************
2025-10-28 10:57:10,115 p=14625 u=ser n=ansible INFO| included: arkime for sensor-node
2025-10-28 10:57:10,122 p=14625 u=ser n=ansible INFO| TASK [arkime : ARKIME TASK 1: Ensure arkime base directory exists] *****************************************************************************************
2025-10-28 10:57:12,614 p=14625 u=ser n=ansible INFO| ok: [sensor-node]
2025-10-28 10:57:12,623 p=14625 u=ser n=ansible INFO| TASK [arkime : ARKIME TASK 2: Ensure PCAP directory exists] ************************************************************************************************
2025-10-28 10:57:13,303 p=14625 u=ser n=ansible INFO| changed: [sensor-node]
2025-10-28 10:57:13,315 p=14625 u=ser n=ansible INFO| TASK [arkime : ARKIME TASK 3: Ensure arkime config and logs directories exist] *****************************************************************************
2025-10-28 10:57:13,941 p=14625 u=ser n=ansible INFO| ok: [sensor-node] => (item=/opt/network-sensors/arkime/config)
2025-10-28 10:57:14,543 p=14625 u=ser n=ansible INFO| ok: [sensor-node] => (item=/opt/network-sensors/arkime/logs)
2025-10-28 10:57:14,561 p=14625 u=ser n=ansible INFO| TASK [arkime : ARKIME TASK 4: Copy TLS certs for Arkime (if present)] **************************************************************************************
2025-10-28 10:57:15,514 p=14625 u=ser n=ansible INFO| ok: [sensor-node] => (item={'src': 'ca.crt', 'dest': 'ca.crt'})
2025-10-28 10:57:15,538 p=14625 u=ser n=ansible INFO| TASK [arkime : ARKIME TASK 5: Deploy docker-compose for Arkime] ********************************************************************************************
2025-10-28 10:57:17,181 p=14625 u=ser n=ansible INFO| changed: [sensor-node]
2025-10-28 10:57:17,192 p=14625 u=ser n=ansible INFO| TASK [arkime : ARKIME TASK 6: Deploy Arkime config.ini] ****************************************************************************************************
2025-10-28 10:57:18,531 p=14625 u=ser n=ansible INFO| ok: [sensor-node]
2025-10-28 10:57:18,541 p=14625 u=ser n=ansible INFO| TASK [arkime : ARKIME TASK 7: Pull Arkime Docker images] ***************************************************************************************************
2025-10-28 10:57:21,579 p=14625 u=ser n=ansible WARNING| [WARNING]: Docker compose: unknown None: /opt/network-sensors/arkime/docker-compose.yml: the attribute `version` is obsolete, it will be ignored, please remove it to avoid potential confusion

2025-10-28 10:57:21,579 p=14625 u=ser n=ansible INFO| changed: [sensor-node]
2025-10-28 10:57:21,588 p=14625 u=ser n=ansible INFO| TASK [arkime : ARKIME TASK 8: Start Arkime stack] **********************************************************************************************************
2025-10-28 10:57:23,270 p=14625 u=ser n=ansible INFO| ok: [sensor-node]
2025-10-28 10:57:23,288 p=14625 u=ser n=ansible INFO| TASK [arkime : ARKIME TASK 9: Wait for Arkime to start] ****************************************************************************************************
2025-10-28 10:57:23,306 p=14625 u=ser n=ansible INFO| Pausing for 30 seconds
2025-10-28 10:57:23,307 p=14625 u=ser n=ansible INFO| (ctrl+C then 'C' = continue early, ctrl+C then 'A' = abort)
2025-10-28 10:57:53,316 p=14625 u=ser n=ansible INFO| ok: [sensor-node]
2025-10-28 10:57:53,324 p=14625 u=ser n=ansible INFO| TASK [arkime : ARKIME TASK 10: Wait for Arkime viewer to respond] ******************************************************************************************
2025-10-28 10:57:59,815 p=14625 u=ser n=ansible ERROR| [ERROR]: Task failed: process object is closed
Origin: /home/ser/probleeemy/network-probe-workshop/roles/arkime/tasks/main.yml:77:3

75   tags: ['arkime']
76
77 - name: "ARKIME TASK 10: Wait for Arkime viewer to respond"
     ^ column 3


2025-10-28 10:57:59,816 p=14625 u=ser n=ansible INFO| fatal: [sensor-node]: FAILED! => changed=false 
  msg: 'Task failed: process object is closed'
2025-10-28 10:57:59,817 p=14625 u=ser n=ansible INFO| PLAY RECAP *************************************************************************************************************************************************
2025-10-28 10:57:59,817 p=14625 u=ser n=ansible INFO| sensor-node                : ok=11   changed=3    unreachable=0    failed=1    skipped=0    rescued=0    ignored=0   
2025-10-28 10:59:48,361 p=14864 u=ser n=ansible WARNING| [WARNING]: Deprecation warnings can be disabled by setting `deprecation_warnings=False` in ansible.cfg.

2025-10-28 10:59:48,362 p=14864 u=ser n=ansible INFO| [DEPRECATION WARNING]: community.general.yaml has been deprecated. The plugin has been superseded by the option `result_format=yaml` in callback plugin ansible.builtin.default from ansible-core 2.13 onwards. This feature will be removed from collection 'community.general' version 12.0.0.

2025-10-28 10:59:48,405 p=14864 u=ser n=ansible INFO| PLAY [Step 7: Deploy Arkime Packet Capture] ****************************************************************************************************************
2025-10-28 10:59:48,434 p=14864 u=ser n=ansible INFO| TASK [Display Arkime deployment phase] *********************************************************************************************************************
2025-10-28 10:59:48,470 p=14864 u=ser n=ansible INFO| ok: [sensor-node] => 
  msg:
  - ==========================================
  - 'PHASE 7: ARKIME DEPLOYMENT'
  - ==========================================
  - 'Version: v5.7.1'
  - 'Web Port: 8005'
  - 'Capture Interface: eno4'
  - ==========================================
2025-10-28 10:59:48,477 p=14864 u=ser n=ansible INFO| TASK [Include arkime role] *********************************************************************************************************************************
2025-10-28 10:59:48,533 p=14864 u=ser n=ansible INFO| included: arkime for sensor-node
2025-10-28 10:59:48,541 p=14864 u=ser n=ansible INFO| TASK [arkime : ARKIME TASK 1: Ensure arkime base directory exists] *****************************************************************************************
2025-10-28 10:59:51,005 p=14864 u=ser n=ansible INFO| ok: [sensor-node]
2025-10-28 10:59:51,016 p=14864 u=ser n=ansible INFO| TASK [arkime : ARKIME TASK 2: Ensure PCAP directory exists] ************************************************************************************************
2025-10-28 10:59:51,773 p=14864 u=ser n=ansible INFO| ok: [sensor-node]
2025-10-28 10:59:51,787 p=14864 u=ser n=ansible INFO| TASK [arkime : ARKIME TASK 3: Ensure arkime config and logs directories exist] *****************************************************************************
2025-10-28 10:59:52,463 p=14864 u=ser n=ansible INFO| ok: [sensor-node] => (item=/opt/network-sensors/arkime/config)
2025-10-28 10:59:53,130 p=14864 u=ser n=ansible INFO| ok: [sensor-node] => (item=/opt/network-sensors/arkime/logs)
2025-10-28 10:59:53,143 p=14864 u=ser n=ansible INFO| TASK [arkime : ARKIME TASK 4: Copy TLS certs for Arkime (if present)] **************************************************************************************
2025-10-28 10:59:54,044 p=14864 u=ser n=ansible INFO| ok: [sensor-node] => (item={'src': 'ca.crt', 'dest': 'ca.crt'})
2025-10-28 10:59:54,065 p=14864 u=ser n=ansible INFO| TASK [arkime : ARKIME TASK 5: Deploy docker-compose for Arkime] ********************************************************************************************
2025-10-28 10:59:55,616 p=14864 u=ser n=ansible INFO| changed: [sensor-node]
2025-10-28 10:59:55,627 p=14864 u=ser n=ansible INFO| TASK [arkime : ARKIME TASK 6: Deploy Arkime config.ini] ****************************************************************************************************
2025-10-28 10:59:56,941 p=14864 u=ser n=ansible INFO| ok: [sensor-node]
2025-10-28 10:59:56,952 p=14864 u=ser n=ansible INFO| TASK [arkime : ARKIME TASK 7: Pull Arkime Docker images] ***************************************************************************************************
2025-10-28 11:00:00,055 p=14864 u=ser n=ansible WARNING| [WARNING]: Docker compose: unknown None: /opt/network-sensors/arkime/docker-compose.yml: the attribute `version` is obsolete, it will be ignored, please remove it to avoid potential confusion

2025-10-28 11:00:00,055 p=14864 u=ser n=ansible INFO| changed: [sensor-node]
2025-10-28 11:00:00,065 p=14864 u=ser n=ansible INFO| TASK [arkime : ARKIME TASK 8: Start Arkime stack] **********************************************************************************************************
2025-10-28 11:00:01,608 p=14864 u=ser n=ansible INFO| ok: [sensor-node]
2025-10-28 11:00:01,623 p=14864 u=ser n=ansible INFO| TASK [arkime : ARKIME TASK 9: Wait for Arkime to start] ****************************************************************************************************
2025-10-28 11:00:01,643 p=14864 u=ser n=ansible INFO| Pausing for 30 seconds
2025-10-28 11:00:01,644 p=14864 u=ser n=ansible INFO| (ctrl+C then 'C' = continue early, ctrl+C then 'A' = abort)
2025-10-28 11:00:26,982 p=14864 u=ser n=ansible INFO| Press 'C' to continue the play or 'A' to abort 
2025-10-28 11:00:29,310 p=14864 u=ser n=ansible ERROR| [ERROR]: Task failed: user requested abort!

Task failed.
Origin: /home/ser/probleeemy/network-probe-workshop/roles/arkime/tasks/main.yml:72:3

70   tags: ['arkime', 'deploy']
71
72 - name: "ARKIME TASK 9: Wait for Arkime to start"
     ^ column 3

<<< caused by >>>

user requested abort!


2025-10-28 11:00:29,311 p=14864 u=ser n=ansible INFO| fatal: [sensor-node]: FAILED! => changed=false 
  msg: 'Task failed: user requested abort!'
2025-10-28 11:00:29,312 p=14864 u=ser n=ansible INFO| PLAY RECAP *************************************************************************************************************************************************
2025-10-28 11:00:29,313 p=14864 u=ser n=ansible INFO| sensor-node                : ok=10   changed=2    unreachable=0    failed=1    skipped=0    rescued=0    ignored=0   
2025-10-28 11:03:50,638 p=14971 u=ser n=ansible WARNING| [WARNING]: Deprecation warnings can be disabled by setting `deprecation_warnings=False` in ansible.cfg.

2025-10-28 11:03:50,639 p=14971 u=ser n=ansible INFO| [DEPRECATION WARNING]: community.general.yaml has been deprecated. The plugin has been superseded by the option `result_format=yaml` in callback plugin ansible.builtin.default from ansible-core 2.13 onwards. This feature will be removed from collection 'community.general' version 12.0.0.

2025-10-28 11:03:50,682 p=14971 u=ser n=ansible INFO| PLAY [Step 7: Deploy Arkime Packet Capture] ****************************************************************************************************************
2025-10-28 11:03:58,172 p=14971 u=ser n=ansible INFO| Perform task: TASK: Display Arkime deployment phase (N)o/(y)es/(c)ontinue: *********************************************************************************
2025-10-28 11:03:58,172 p=14971 u=ser n=ansible INFO| TASK [Display Arkime deployment phase] *********************************************************************************************************************
2025-10-28 11:03:58,214 p=14971 u=ser n=ansible INFO| ok: [sensor-node] => 
  msg:
  - ==========================================
  - 'PHASE 7: ARKIME DEPLOYMENT'
  - ==========================================
  - 'Version: v5.7.1'
  - 'Web Port: 8005'
  - 'Capture Interface: eno4'
  - ==========================================
2025-10-28 11:04:03,546 p=14971 u=ser n=ansible INFO| Perform task: TASK: Include arkime role (N)o/(y)es/(c)ontinue: *********************************************************************************************
2025-10-28 11:04:03,547 p=14971 u=ser n=ansible INFO| TASK [Include arkime role] *********************************************************************************************************************************
2025-10-28 11:04:03,620 p=14971 u=ser n=ansible INFO| included: arkime for sensor-node
2025-10-28 11:04:07,498 p=14971 u=ser n=ansible INFO| Perform task: TASK: arkime : ARKIME TASK 1: Ensure arkime base directory exists (N)o/(y)es/(c)ontinue: *****************************************************
2025-10-28 11:04:07,498 p=14971 u=ser n=ansible INFO| TASK [arkime : ARKIME TASK 1: Ensure arkime base directory exists] *****************************************************************************************
2025-10-28 11:04:09,878 p=14971 u=ser n=ansible INFO| ok: [sensor-node]
2025-10-28 11:04:16,869 p=14971 u=ser n=ansible INFO| Perform task: TASK: arkime : ARKIME TASK 2: Ensure PCAP directory exists (N)o/(y)es/(c)ontinue: ************************************************************
2025-10-28 11:04:16,869 p=14971 u=ser n=ansible INFO| TASK [arkime : ARKIME TASK 2: Ensure PCAP directory exists] ************************************************************************************************
2025-10-28 11:04:17,561 p=14971 u=ser n=ansible INFO| ok: [sensor-node]
2025-10-28 11:04:26,336 p=14971 u=ser n=ansible INFO| Perform task: TASK: arkime : ARKIME TASK 3: Ensure arkime config and logs directories exist (N)o/(y)es/(c)ontinue: *****************************************
2025-10-28 11:04:26,337 p=14971 u=ser n=ansible INFO| TASK [arkime : ARKIME TASK 3: Ensure arkime config and logs directories exist] *****************************************************************************
2025-10-28 11:04:27,064 p=14971 u=ser n=ansible INFO| ok: [sensor-node] => (item=/opt/network-sensors/arkime/config)
2025-10-28 11:04:27,724 p=14971 u=ser n=ansible INFO| ok: [sensor-node] => (item=/opt/network-sensors/arkime/logs)
2025-10-28 11:04:32,831 p=14971 u=ser n=ansible INFO| Perform task: TASK: arkime : ARKIME TASK 4: Copy TLS certs for Arkime (if present) (N)o/(y)es/(c)ontinue: **************************************************
2025-10-28 11:04:32,831 p=14971 u=ser n=ansible INFO| TASK [arkime : ARKIME TASK 4: Copy TLS certs for Arkime (if present)] **************************************************************************************
2025-10-28 11:04:33,717 p=14971 u=ser n=ansible INFO| ok: [sensor-node] => (item={'src': 'ca.crt', 'dest': 'ca.crt'})
2025-10-28 11:04:42,191 p=14971 u=ser n=ansible INFO| Perform task: TASK: arkime : ARKIME TASK 5: Deploy docker-compose for Arkime (N)o/(y)es/(c)ontinue: ********************************************************
2025-10-28 11:04:42,191 p=14971 u=ser n=ansible INFO| TASK [arkime : ARKIME TASK 5: Deploy docker-compose for Arkime] ********************************************************************************************
2025-10-28 11:04:43,587 p=14971 u=ser n=ansible INFO| ok: [sensor-node]
2025-10-28 11:07:48,605 p=14971 u=ser n=ansible INFO| Perform task: TASK: arkime : ARKIME TASK 6: Deploy Arkime config.ini (N)o/(y)es/(c)ontinue: ****************************************************************
2025-10-28 11:07:48,605 p=14971 u=ser n=ansible INFO| TASK [arkime : ARKIME TASK 6: Deploy Arkime config.ini] ****************************************************************************************************
2025-10-28 11:07:51,465 p=14971 u=ser n=ansible INFO| ok: [sensor-node]
2025-10-28 11:07:57,626 p=14971 u=ser n=ansible INFO| Perform task: TASK: arkime : ARKIME TASK 7: Pull Arkime Docker images (N)o/(y)es/(c)ontinue: ***************************************************************
2025-10-28 11:07:57,627 p=14971 u=ser n=ansible INFO| TASK [arkime : ARKIME TASK 7: Pull Arkime Docker images] ***************************************************************************************************
2025-10-28 11:08:00,622 p=14971 u=ser n=ansible WARNING| [WARNING]: Docker compose: unknown None: /opt/network-sensors/arkime/docker-compose.yml: the attribute `version` is obsolete, it will be ignored, please remove it to avoid potential confusion

2025-10-28 11:08:00,623 p=14971 u=ser n=ansible INFO| changed: [sensor-node]
2025-10-28 11:08:46,510 p=14971 u=ser n=ansible INFO| Perform task: TASK: arkime : ARKIME TASK 8: Start Arkime stack (N)o/(y)es/(c)ontinue: **********************************************************************
2025-10-28 11:08:46,511 p=14971 u=ser n=ansible INFO| TASK [arkime : ARKIME TASK 8: Start Arkime stack] **********************************************************************************************************
2025-10-28 11:08:48,150 p=14971 u=ser n=ansible INFO| ok: [sensor-node]
2025-10-28 11:09:01,191 p=14971 u=ser n=ansible INFO| Perform task: TASK: arkime : ARKIME TASK 9: Wait for Arkime to start (N)o/(y)es/(c)ontinue: ****************************************************************
2025-10-28 11:09:01,192 p=14971 u=ser n=ansible INFO| TASK [arkime : ARKIME TASK 9: Wait for Arkime to start] ****************************************************************************************************
2025-10-28 11:09:01,214 p=14971 u=ser n=ansible INFO| Pausing for 30 seconds
2025-10-28 11:09:01,214 p=14971 u=ser n=ansible INFO| (ctrl+C then 'C' = continue early, ctrl+C then 'A' = abort)
2025-10-28 11:09:31,226 p=14971 u=ser n=ansible INFO| ok: [sensor-node]
2025-10-28 11:18:38,514 p=14971 u=ser n=ansible ERROR| [ERROR]: Unexpected Exception, this is probably a bug.

Traceback (most recent call last):
  File "/usr/lib/python3/dist-packages/ansible/cli/__init__.py", line 660, in cli_executor
    exit_code = cli.run()
                ^^^^^^^^^
  File "/usr/lib/python3/dist-packages/ansible/cli/playbook.py", line 153, in run
    results = pbex.run()
              ^^^^^^^^^^
  File "/usr/lib/python3/dist-packages/ansible/executor/playbook_executor.py", line 188, in run
    result = self._tqm.run(play=play)
             ^^^^^^^^^^^^^^^^^^^^^^^^
  File "/usr/lib/python3/dist-packages/ansible/executor/task_queue_manager.py", line 344, in run
    play_return = strategy.run(iterator, play_context)
                  ^^^^^^^^^^^^^^^^^^^^^^^^^^^^^^^^^^^^
  File "/usr/lib/python3/dist-packages/ansible/plugins/strategy/linear.py", line 174, in run
    if self._take_step(task):
       ^^^^^^^^^^^^^^^^^^^^^
  File "/usr/lib/python3/dist-packages/ansible/plugins/strategy/__init__.py", line 883, in _take_step
    resp = display.prompt(msg)
           ^^^^^^^^^^^^^^^^^^^
  File "/usr/lib/python3/dist-packages/ansible/utils/display.py", line 914, in prompt
    return input(msg)
           ^^^^^^^^^^
EOFError

The above exception was the direct cause of the following exception:

Traceback (most recent call last):
  File "/usr/lib/python3/dist-packages/ansible/cli/__init__.py", line 669, in cli_executor
    raise AnsibleError("Unexpected Exception, this is probably a bug.") from ex
ansible.errors.AnsibleError: Unexpected Exception, this is probably a bug.


